<?xml version="1.0" encoding="UTF-8"?>
<testng-results ignored="0" total="4" passed="4" failed="0" skipped="0">
  <reporter-output>
  </reporter-output>
  <suite started-at="2022-11-30T14:15:30 PST" name="Suite" finished-at="2022-11-30T14:16:54 PST" duration-ms="83878">
    <groups>
    </groups>
    <test started-at="2022-11-30T14:15:30 PST" name="Test" finished-at="2022-11-30T14:16:54 PST" duration-ms="83878">
      <class name="com.Scripts.AutomationScrriptsModule2">
        <test-method signature="JavaTestParallel2Method1()[pri:0, instance:com.Scripts.AutomationScrriptsModule2@1a84f40f]" started-at="2022-11-30T14:16:14 PST" name="JavaTestParallel2Method1" finished-at="2022-11-30T14:16:26 PST" duration-ms="11743" status="PASS">
          <reporter-output>
          </reporter-output>
        </test-method> <!-- JavaTestParallel2Method1 -->
        <test-method signature="JavaTestParallel2Method2()[pri:0, instance:com.Scripts.AutomationScrriptsModule2@1a84f40f]" started-at="2022-11-30T14:16:26 PST" name="JavaTestParallel2Method2" finished-at="2022-11-30T14:16:54 PST" duration-ms="28012" status="PASS">
          <reporter-output>
          </reporter-output>
        </test-method> <!-- JavaTestParallel2Method2 -->
      </class> <!-- com.Scripts.AutomationScrriptsModule2 -->
      <class name="com.Scripts.AutomationScriptsmodule1">
        <test-method signature="JavaTestparallel1Method1()[pri:0, instance:com.Scripts.AutomationScriptsmodule1@161b062a]" started-at="2022-11-30T14:15:30 PST" name="JavaTestparallel1Method1" finished-at="2022-11-30T14:15:55 PST" duration-ms="24787" status="PASS">
          <reporter-output>
          </reporter-output>
        </test-method> <!-- JavaTestparallel1Method1 -->
        <test-method signature="JavaTestparallel1Method2()[pri:0, instance:com.Scripts.AutomationScriptsmodule1@161b062a]" started-at="2022-11-30T14:15:55 PST" name="JavaTestparallel1Method2" finished-at="2022-11-30T14:16:14 PST" duration-ms="19273" status="PASS">
          <reporter-output>
          </reporter-output>
        </test-method> <!-- JavaTestparallel1Method2 -->
      </class> <!-- com.Scripts.AutomationScriptsmodule1 -->
    </test> <!-- Test -->
  </suite> <!-- Suite -->
</testng-results>
