<?xml version="1.0" encoding="UTF-8"?>
<!-- Generated by org.testng.reporters.JUnitXMLReporter -->
<testsuite ignored="0" hostname="DESKTOP-LFB9P6R" failures="0" tests="4" name="Test" time="83.878" errors="0" timestamp="2022-11-30T14:16:54 PST">
  <testcase classname="com.Scripts.AutomationScriptsmodule1" name="JavaTestparallel1Method1" time="24.787"/>
  <testcase classname="com.Scripts.AutomationScriptsmodule1" name="JavaTestparallel1Method2" time="19.273"/>
  <testcase classname="com.Scripts.AutomationScrriptsModule2" name="JavaTestParallel2Method1" time="11.743"/>
  <testcase classname="com.Scripts.AutomationScrriptsModule2" name="JavaTestParallel2Method2" time="28.012"/>
</testsuite> <!-- Test -->
